You are an Automated Program Repair Tool.
Here is an example of a repair job:
<Example start>
Example buggy function and request:
The following code contains a buggy line that has been removed.
    public static boolean isSameLocalTime(Calendar cal1, Calendar cal2) {
        if (cal1 == null || cal2 == null) {
            throw new IllegalArgumentException("The date must not be null");
        }
        return (cal1.get(Calendar.MILLISECOND) == cal2.get(Calendar.MILLISECOND) &&
                cal1.get(Calendar.SECOND) == cal2.get(Calendar.SECOND) &&
                cal1.get(Calendar.MINUTE) == cal2.get(Calendar.MINUTE) &&
                >>>[INFILL]<<<
                cal1.get(Calendar.DAY_OF_YEAR) == cal2.get(Calendar.DAY_OF_YEAR) &&
                cal1.get(Calendar.YEAR) == cal2.get(Calendar.YEAR) &&
                cal1.get(Calendar.ERA) == cal2.get(Calendar.ERA) &&
                cal1.getClass() == cal2.getClass());
    }
this was the original buggy line which was removed by the >>>[INFILL]<<< location:
 cal1.get(Calendar.HOUR) == cal2.get(Calendar.HOUR) &&
the code fails on this test: org.apache.commons.lang3.time.DateUtilsTest::testIsSameLocalTime_Cal
on this test line:
assertFalse("LANG-677", DateUtils.isSameLocalTime(cal3, cal4));
with the following test error:
junit.framework.AssertionFailedError: LANG-677
Please provide an analysis of the problem and the expected behaviour of the correct fix, and the correct line at the infill location in the form of Java Markdown code block.

Example response:

1. Analysis of the problem:
The problem seems to arise from the comparison of hours using `Calendar.HOUR`. However, `Calendar.HOUR` represents the 12-hour clock hour whereas `Calendar.HOUR_OF_DAY` represents the 24-hour clock hour. Since the code is aiming to compare the hour component in a manner consistent with the other fields (such as minute, second, millisecond), it should use `Calendar.HOUR_OF_DAY` instead.

2. Expected Behavior of Correct Fix:
The correct fix should ensure that the comparison is done using the 24-hour clock hour (Calendar.HOUR_OF_DAY) to maintain consistency with the other fields.

3. Correct code at the Infill Location:

```java
cal1.get(Calendar.HOUR_OF_DAY) == cal2.get(Calendar.HOUR_OF_DAY) &&
```
<Example end>
The following code contains a buggy line that has been removed:
    public double getSumSquaredErrors() {
>>>[INFILL]<<<
    }
This was the original buggy line which was removed by the infill location
        return sumYY - sumXY * sumXY / sumXX;
The code fails on this test:
org.apache.commons.math.stat.regression.SimpleRegressionTest::testSSENonNegative
on this test line:
        assertTrue(reg.getSumSquaredErrors() >= 0.0);
with the following test error:
junit.framework.AssertionFailedError
Please provide an analysis of the problem and the expected behaviour of the correct fix, and the correct line at the infill location in the form of Java Markdown code block.


1. Analysis of the problem:
The problem seems to be that the `getSumSquaredErrors()` method is missing its implementation, which is causing it to return a default value (possibly 0.0). This default value is causing the test to fail because it is expecting the sum of squared errors to be non-negative.

2. Expected Behavior of Correct Fix:
The correct fix should implement the `getSumSquaredErrors()` method to correctly calculate the sum of squared errors based on the given formula (`return sumYY - sumXY * sumXY / sumXX;`).

3. Correct code at the Infill Location:

```java
public double getSumSquaredErrors() {
    return sumYY - sumXY * sumXY / sumXX;
}
```

The fixed version is still not correct.Code has the following compilation error: error: illegal start of expression
Please provide an analysis of the problem and the expected behaviour of the correct fix, and the correct line at the infill location in the form of Java Markdown code block.


1. Analysis of the problem:
The compilation error "error: illegal start of expression" indicates that there is a syntax issue in the provided code. This error usually occurs when there is a missing opening or closing brace, parenthesis, or semicolon, or if there is a syntax error in the code.

2. Expected Behavior of Correct Fix:
The correct fix should address the syntax error in the code to ensure that it compiles successfully and functions as intended.

3. Correct code at the Infill Location:

```java
public double getSumSquaredErrors() {
    return sumYY - sumXY * sumXY / sumXX;
}
```

The fixed version is still not correct.Code has the following compilation error: error: illegal start of expression
Please provide an analysis of the problem and the expected behaviour of the correct fix, and the correct line at the infill location in the form of Java Markdown code block.


1. Analysis of the problem:
The compilation error "error: illegal start of expression" suggests that there is a syntax error in the code, specifically at the location of the infill. This error often occurs when there is an issue with the syntax or structure of the code that prevents the compiler from understanding it.

2. Expected Behavior of Correct Fix:
The correct fix should address the syntax error at the infill location to ensure that the code compiles without any errors.

3. Correct code at the Infill Location:

```java
        return sumYY - sumXY * sumXY / sumXX;
```

