You are an Automated Program Repair Tool.
Here is an example of a repair job:
<Example start>
Example buggy function and request:
The following code contains a buggy :
    public static boolean isSameLocalTime(Calendar cal1, Calendar cal2) {
        if (cal1 == null || cal2 == null) {
            throw new IllegalArgumentException("The date must not be null");
        }
        return (cal1.get(Calendar.MILLISECOND) == cal2.get(Calendar.MILLISECOND) &&
                cal1.get(Calendar.SECOND) == cal2.get(Calendar.SECOND) &&
                cal1.get(Calendar.MINUTE) == cal2.get(Calendar.MINUTE) &&
                cal1.get(Calendar.HOUR) == cal2.get(Calendar.HOUR) &&
                cal1.get(Calendar.DAY_OF_YEAR) == cal2.get(Calendar.DAY_OF_YEAR) &&
                cal1.get(Calendar.YEAR) == cal2.get(Calendar.YEAR) &&
                cal1.get(Calendar.ERA) == cal2.get(Calendar.ERA) &&
                cal1.getClass() == cal2.getClass());
    }
the code fails on this test: org.apache.commons.lang3.time.DateUtilsTest::testIsSameLocalTime_Cal
on this test line:
assertFalse("LANG-677", DateUtils.isSameLocalTime(cal3, cal4));
with the following test error:
junit.framework.AssertionFailedError: LANG-677
Please provide an analysis of the problem and the expected behaviour of the correct fix, and the correct version of the function in the form of Java Markdown code block.
Example response:

1. Analysis of the problem:
The problem seems to arise from the comparison of hours using `Calendar.HOUR`. However, `Calendar.HOUR` represents the 12-hour clock hour whereas `Calendar.HOUR_OF_DAY` represents the 24-hour clock hour. Since the code is aiming to compare the hour component in a manner consistent with the other fields (such as minute, second, millisecond), it should use `Calendar.HOUR_OF_DAY` instead.

2. Expected Behavior of Correct Fix:
The correct fix should ensure that the comparison is done using the 24-hour clock hour (Calendar.HOUR_OF_DAY) to maintain consistency with the other fields.

3. Correct function:
This is the correct version of the function in the form of Java Markdown code block:
```java
    public static boolean isSameLocalTime(Calendar cal1, Calendar cal2) {
        if (cal1 == null || cal2 == null) {
            throw new IllegalArgumentException("The date must not be null");
        }
        return (cal1.get(Calendar.MILLISECOND) == cal2.get(Calendar.MILLISECOND) &&
                cal1.get(Calendar.SECOND) == cal2.get(Calendar.SECOND) &&
                cal1.get(Calendar.MINUTE) == cal2.get(Calendar.MINUTE) &&
                cal1.get(Calendar.HOUR_OF_DAY) == cal2.get(Calendar.HOUR_OF_DAY) &&
                cal1.get(Calendar.DAY_OF_YEAR) == cal2.get(Calendar.DAY_OF_YEAR) &&
                cal1.get(Calendar.YEAR) == cal2.get(Calendar.YEAR) &&
                cal1.get(Calendar.ERA) == cal2.get(Calendar.ERA) &&
                cal1.getClass() == cal2.getClass());
    }
```
Changes made:
Replaced Calendar.HOUR with Calendar.HOUR_OF_DAY to use 24-hour time format.

<Example end>
The following code contains a bug:
public void process(Node externs, Node root) {
    NodeTraversal.traverse(compiler, root, this);
    if (MAKE_LOCAL_NAMES_UNIQUE) {
        MakeDeclaredNamesUnique renamer = new MakeDeclaredNamesUnique();
        NodeTraversal t = new NodeTraversal(compiler, renamer);
        t.traverseRoots(externs, root);
    }
    removeDuplicateDeclarations(root);
    new PropogateConstantAnnotations(compiler, assertOnChange)
        .process(externs, root);
}
The code fails on this test:
com.google.javascript.jscomp.CompilerRunnerTest::testIssue115
on this test line:
    test("function f() { " +
         "  var arguments = Array.prototype.slice.call(arguments, 0);" +
         "  return arguments[0]; " +
         "}",
         "function f() { " +
         "  arguments = Array.prototype.slice.call(arguments, 0);" +
         "  return arguments[0]; " +
         "}");
with the following test error:
junit.framework.AssertionFailedError:
Please provide an analysis of the problem and the expected behaviour of the correct fix, and the correct version of the function in the form of Java Markdown code block.


1. Analysis of the problem:
The issue seems to be related to the processing of function arguments. The code is attempting to rename the variable "arguments" to make local names unique, but it should be excluding the "arguments" object, as it is a reserved keyword in JavaScript.

2. Expected Behavior of Correct Fix:
The correct fix should exclude the variable "arguments" from being renamed to ensure that it does not conflict with the reserved keyword.

3. Correct function:
This is the correct version of the function in the form of Java Markdown code block:
```java
public void process(Node externs, Node root) {
    NodeTraversal.traverse(compiler, root, this);
    if (MAKE_LOCAL_NAMES_UNIQUE) {
        MakeDeclaredNamesUnique renamer = new MakeDeclaredNamesUnique();
        // Exclude 'arguments' from being renamed
        renamer.excludeName("arguments");
        NodeTraversal t = new NodeTraversal(compiler, renamer);
        t.traverseRoots(externs, root);
    }
    removeDuplicateDeclarations(root);
    new PropogateConstantAnnotations(compiler, assertOnChange)
        .process(externs, root);
}
```
Changes made:
Added exclusion for "arguments" in the name renaming process.

The fixed version is still not correct.Code has the following compilation error: error: cannot find symbol
Please provide an analysis of the problem and the expected behaviour of the correct fix, and the correct version of the function in the form of Java Markdown code block.


1. Analysis of the problem:
The compilation error "cannot find symbol" indicates that the compiler is unable to find a symbol that is being referenced in the code. In this case, it may be related to the usage of the variable `assertOnChange` which is not declared or initialized in the provided code snippet.

2. Expected Behavior of Correct Fix:
The correct fix should ensure that any symbols or variables used in the code are properly declared and initialized to avoid compilation errors.

3. Correct function:
This is the correct version of the function in the form of Java Markdown code block:
```java
public void process(Node externs, Node root) {
    NodeTraversal.traverse(compiler, root, this);
    if (MAKE_LOCAL_NAMES_UNIQUE) {
        MakeDeclaredNamesUnique renamer = new MakeDeclaredNamesUnique();
        // Exclude 'arguments' from being renamed
        renamer.excludeName("arguments");
        NodeTraversal t = new NodeTraversal(compiler, renamer);
        t.traverseRoots(externs, root);
    }
    removeDuplicateDeclarations(root);
    // Declare and initialize the variable assertOnChange
    boolean assertOnChange = false;
    new PropagateConstantAnnotations(compiler, assertOnChange)
        .process(externs, root);
}
```
Changes made:
Declared and initialized the variable `assertOnChange` to avoid the compilation error.

The fixed version is still not correct.Code has the following compilation error: error: cannot find symbol
Please provide an analysis of the problem and the expected behaviour of the correct fix, and the correct version of the function in the form of Java Markdown code block.


1. Analysis of the problem:
The compilation error "cannot find symbol" suggests that the compiler is unable to identify a symbol that is referenced in the code but has not been declared or imported. In this case, the symbol `PropagateConstantAnnotations` is not recognized, which indicates that it may not be imported or defined in the current scope.

2. Expected Behavior of Correct Fix:
The correct fix should include importing the necessary class `PropagateConstantAnnotations` to resolve the compilation error and ensure that all referenced symbols are properly declared.

3. Correct function:
This is the correct version of the function in the form of Java Markdown code block:
```java
// Import the necessary class PropagateConstantAnnotations
import com.example.PropagateConstantAnnotations;

public void process(Node externs, Node root) {
    NodeTraversal.traverse(compiler, root, this);
    if (MAKE_LOCAL_NAMES_UNIQUE) {
        MakeDeclaredNamesUnique renamer = new MakeDeclaredNamesUnique();
        // Exclude 'arguments' from being renamed
        renamer.excludeName("arguments");
        NodeTraversal t = new NodeTraversal(compiler, renamer);
        t.traverseRoots(externs, root);
    }
    removeDuplicateDeclarations(root);
    // Declare and initialize the variable assertOnChange
    boolean assertOnChange = false;
    // Use the imported class to process annotations
    new PropagateConstantAnnotations(compiler, assertOnChange)
        .process(externs, root);
}
```
Changes made:
Added the import statement for `PropagateConstantAnnotations` class to resolve the compilation error and allow the code to use the class for processing annotations.

