You are an Automated Program Repair Tool.
Here is an example of a repair job:
<Example start>
Example buggy function and request:
The following code contains a buggy :
    public static boolean isSameLocalTime(Calendar cal1, Calendar cal2) {
        if (cal1 == null || cal2 == null) {
            throw new IllegalArgumentException("The date must not be null");
        }
        return (cal1.get(Calendar.MILLISECOND) == cal2.get(Calendar.MILLISECOND) &&
                cal1.get(Calendar.SECOND) == cal2.get(Calendar.SECOND) &&
                cal1.get(Calendar.MINUTE) == cal2.get(Calendar.MINUTE) &&
                cal1.get(Calendar.HOUR) == cal2.get(Calendar.HOUR) &&
                cal1.get(Calendar.DAY_OF_YEAR) == cal2.get(Calendar.DAY_OF_YEAR) &&
                cal1.get(Calendar.YEAR) == cal2.get(Calendar.YEAR) &&
                cal1.get(Calendar.ERA) == cal2.get(Calendar.ERA) &&
                cal1.getClass() == cal2.getClass());
    }
the code fails on this test: org.apache.commons.lang3.time.DateUtilsTest::testIsSameLocalTime_Cal
on this test line:
assertFalse("LANG-677", DateUtils.isSameLocalTime(cal3, cal4));
with the following test error:
junit.framework.AssertionFailedError: LANG-677
Please provide an analysis of the problem and the expected behaviour of the correct fix, and the correct version of the function in the form of Java Markdown code block.
Example response:

1. Analysis of the problem:
The problem seems to arise from the comparison of hours using `Calendar.HOUR`. However, `Calendar.HOUR` represents the 12-hour clock hour whereas `Calendar.HOUR_OF_DAY` represents the 24-hour clock hour. Since the code is aiming to compare the hour component in a manner consistent with the other fields (such as minute, second, millisecond), it should use `Calendar.HOUR_OF_DAY` instead.

2. Expected Behavior of Correct Fix:
The correct fix should ensure that the comparison is done using the 24-hour clock hour (Calendar.HOUR_OF_DAY) to maintain consistency with the other fields.

3. Correct function:
This is the correct version of the function in the form of Java Markdown code block:
```java
    public static boolean isSameLocalTime(Calendar cal1, Calendar cal2) {
        if (cal1 == null || cal2 == null) {
            throw new IllegalArgumentException("The date must not be null");
        }
        return (cal1.get(Calendar.MILLISECOND) == cal2.get(Calendar.MILLISECOND) &&
                cal1.get(Calendar.SECOND) == cal2.get(Calendar.SECOND) &&
                cal1.get(Calendar.MINUTE) == cal2.get(Calendar.MINUTE) &&
                cal1.get(Calendar.HOUR_OF_DAY) == cal2.get(Calendar.HOUR_OF_DAY) &&
                cal1.get(Calendar.DAY_OF_YEAR) == cal2.get(Calendar.DAY_OF_YEAR) &&
                cal1.get(Calendar.YEAR) == cal2.get(Calendar.YEAR) &&
                cal1.get(Calendar.ERA) == cal2.get(Calendar.ERA) &&
                cal1.getClass() == cal2.getClass());
    }
```
Changes made:
Replaced Calendar.HOUR with Calendar.HOUR_OF_DAY to use 24-hour time format.

<Example end>
The following code contains a bug:
  static boolean isValidDefineValue(Node val, Set<String> defines) {
    switch (val.getType()) {
      case Token.STRING:
      case Token.NUMBER:
      case Token.TRUE:
      case Token.FALSE:
        return true;

      // Binary operators are only valid if both children are valid.
      case Token.BITAND:
      case Token.BITNOT:
      case Token.BITOR:
      case Token.BITXOR:

      // Uniary operators are valid if the child is valid.
      case Token.NOT:
      case Token.NEG:
        return isValidDefineValue(val.getFirstChild(), defines);

      // Names are valid if and only if they are defines themselves.
      case Token.NAME:
      case Token.GETPROP:
        if (val.isQualifiedName()) {
          return defines.contains(val.getQualifiedName());
        }
    }
    return false;
  }
The code fails on this test:
com.google.javascript.jscomp.NodeUtilTest::testValidDefine
on this test line:
    assertTrue(testValidDefineValue("1 + 8"));
with the following test error:
junit.framework.AssertionFailedError
Please provide an analysis of the problem and the expected behaviour of the correct fix, and the correct version of the function in the form of Java Markdown code block.


1. Analysis of the problem:
The issue in the code lies in the switch case for Token.GETPROP and Token.NAME. The current implementation only checks if the value is a qualified name in the defines set, but it should also check if it is a simple name that is present in the defines set.

2. Expected Behavior of Correct Fix:
The correct fix should ensure that both qualified and simple names are checked against the defines set to determine if they are valid define values.

3. Correct function:
This is the correct version of the function in the form of Java Markdown code block:
```java
static boolean isValidDefineValue(Node val, Set<String> defines) {
    switch (val.getType()) {
      case Token.STRING:
      case Token.NUMBER:
      case Token.TRUE:
      case Token.FALSE:
        return true;

      // Binary and unary operators are only valid if their children are valid.
      case Token.BITAND:
      case Token.BITNOT:
      case Token.BITOR:
      case Token.BITXOR:
      case Token.NOT:
      case Token.NEG:
        return isValidDefineValue(val.getFirstChild(), defines);

      // Names are valid if they are in the defines set.
      case Token.NAME:
      case Token.GETPROP:
        if (val.isQualifiedName()) {
          return defines.contains(val.getQualifiedName());
        } else if (val.isName()) {
          return defines.contains(val.getString());
        }
    }
    return false;
}
```
Changes made:
Added a check for simple names in the defines set by calling `val.getString()` when `val.isName()` is true.

The fixed version is still not correct.Code has the following compilation error: error: cannot find symbol
Please provide an analysis of the problem and the expected behaviour of the correct fix, and the correct version of the function in the form of Java Markdown code block.


1. Analysis of the problem:
The compilation error indicates that there is a problem with the symbol being used in the code. In this case, it seems like the method `testValidDefineValue` is not defined or imported in the test class where it is being used.

2. Expected Behavior of Correct Fix:
The correct fix should ensure that the method `testValidDefineValue` is either defined within the test class or imported properly so that it can be used without any compilation errors.

3. Correct function:
Here is the correct version of the function with the assumption that `testValidDefineValue` is a method defined within the same class:
```java
static boolean isValidDefineValue(Node val, Set<String> defines) {
    switch (val.getType()) {
      case Token.STRING:
      case Token.NUMBER:
      case Token.TRUE:
      case Token.FALSE:
        return true;

      // Binary and unary operators are only valid if their children are valid.
      case Token.BITAND:
      case Token.BITNOT:
      case Token.BITOR:
      case Token.BITXOR:
      case Token.NOT:
      case Token.NEG:
        return isValidDefineValue(val.getFirstChild(), defines);

      // Names are valid if they are in the defines set.
      case Token.NAME:
      case Token.GETPROP:
        if (val.isQualifiedName()) {
          return defines.contains(val.getQualifiedName());
        } else if (val.isName()) {
          return defines.contains(val.getString());
        }
    }
    return false;
}

// Assuming testValidDefineValue method is defined in the same class.
static void testValidDefineValue(String input) {
    // Add test logic here
}
```
If `testValidDefineValue` is a method defined in another class, make sure to import it properly in the test class where it is being used to avoid any compilation errors.

The fixed version is still not correct.Code has the following compilation error: error: cannot find symbol
Please provide an analysis of the problem and the expected behaviour of the correct fix, and the correct version of the function in the form of Java Markdown code block.


1. Analysis of the problem:
The compilation error "cannot find symbol" typically occurs when the compiler cannot locate a specific class, method, or variable that is being referenced in the code. In this case, the error suggests that the symbol `Node` or `Token` used in the code is not recognized.

2. Expected Behavior of Correct Fix:
The correct fix should include importing the necessary classes `Node` and `Token` into the file where the `isValidDefineValue` function is defined. By importing the required classes, the compiler will be able to identify the symbols and resolve the compilation error.

3. Correct function:
Here is the corrected version of the function with the necessary imports included:
```java
import com.google.javascript.jscomp.Node;
import com.google.javascript.jscomp.Token;

import java.util.Set;

public class YourClassNameHere {
    static boolean isValidDefineValue(Node val, Set<String> defines) {
        switch (val.getType()) {
            case Token.STRING:
            case Token.NUMBER:
            case Token.TRUE:
            case Token.FALSE:
                return true;

            // Binary and unary operators are only valid if their children are valid.
            case Token.BITAND:
            case Token.BITNOT:
            case Token.BITOR:
            case Token.BITXOR:
            case Token.NOT:
            case Token.NEG:
                return isValidDefineValue(val.getFirstChild(), defines);

            // Names are valid if they are in the defines set.
            case Token.NAME:
            case Token.GETPROP:
                if (val.isQualifiedName()) {
                    return defines.contains(val.getQualifiedName());
                } else if (val.isName()) {
                    return defines.contains(val.getString());
                }
        }
        return false;
    }
}
```
Ensure that the necessary imports are added at the beginning of the file, and the correct class name is used. This should resolve the compilation error related to the missing symbols.

