You are an Automated Program Repair Tool.
Here is an example of a repair job:
<Example start>
Example buggy function and request:
The following code contains a buggy :
    public static boolean isSameLocalTime(Calendar cal1, Calendar cal2) {
        if (cal1 == null || cal2 == null) {
            throw new IllegalArgumentException("The date must not be null");
        }
        return (cal1.get(Calendar.MILLISECOND) == cal2.get(Calendar.MILLISECOND) &&
                cal1.get(Calendar.SECOND) == cal2.get(Calendar.SECOND) &&
                cal1.get(Calendar.MINUTE) == cal2.get(Calendar.MINUTE) &&
                cal1.get(Calendar.HOUR) == cal2.get(Calendar.HOUR) &&
                cal1.get(Calendar.DAY_OF_YEAR) == cal2.get(Calendar.DAY_OF_YEAR) &&
                cal1.get(Calendar.YEAR) == cal2.get(Calendar.YEAR) &&
                cal1.get(Calendar.ERA) == cal2.get(Calendar.ERA) &&
                cal1.getClass() == cal2.getClass());
    }
the code fails on this test: org.apache.commons.lang3.time.DateUtilsTest::testIsSameLocalTime_Cal
on this test line:
assertFalse("LANG-677", DateUtils.isSameLocalTime(cal3, cal4));
with the following test error:
junit.framework.AssertionFailedError: LANG-677
Please provide an analysis of the problem and the expected behaviour of the correct fix, and the correct version of the function in the form of Java Markdown code block.
Example response:

1. Analysis of the problem:
The problem seems to arise from the comparison of hours using `Calendar.HOUR`. However, `Calendar.HOUR` represents the 12-hour clock hour whereas `Calendar.HOUR_OF_DAY` represents the 24-hour clock hour. Since the code is aiming to compare the hour component in a manner consistent with the other fields (such as minute, second, millisecond), it should use `Calendar.HOUR_OF_DAY` instead.

2. Expected Behavior of Correct Fix:
The correct fix should ensure that the comparison is done using the 24-hour clock hour (Calendar.HOUR_OF_DAY) to maintain consistency with the other fields.

3. Correct function:
This is the correct version of the function in the form of Java Markdown code block:
```java
    public static boolean isSameLocalTime(Calendar cal1, Calendar cal2) {
        if (cal1 == null || cal2 == null) {
            throw new IllegalArgumentException("The date must not be null");
        }
        return (cal1.get(Calendar.MILLISECOND) == cal2.get(Calendar.MILLISECOND) &&
                cal1.get(Calendar.SECOND) == cal2.get(Calendar.SECOND) &&
                cal1.get(Calendar.MINUTE) == cal2.get(Calendar.MINUTE) &&
                cal1.get(Calendar.HOUR_OF_DAY) == cal2.get(Calendar.HOUR_OF_DAY) &&
                cal1.get(Calendar.DAY_OF_YEAR) == cal2.get(Calendar.DAY_OF_YEAR) &&
                cal1.get(Calendar.YEAR) == cal2.get(Calendar.YEAR) &&
                cal1.get(Calendar.ERA) == cal2.get(Calendar.ERA) &&
                cal1.getClass() == cal2.getClass());
    }
```
Changes made:
Replaced Calendar.HOUR with Calendar.HOUR_OF_DAY to use 24-hour time format.

<Example end>
The following code contains a bug:
    public void verify(VerificationData data) {
        AssertionError error = null;

        timer.start();
        while (timer.isCounting()) {
            try {
                delegate.verify(data);

                if (returnOnSuccess) {
                    return;
                } else {
                    error = null;
                }
            } catch (MockitoAssertionError e) {
                error = handleVerifyException(e);
            }
            catch (org.mockito.exceptions.verification.junit.ArgumentsAreDifferent e) {
                error = handleVerifyException(e);
            }
        }

        if (error != null) {
            throw error;
        }
    }
The code fails on this test:
org.mockitointegration.NoJUnitDependenciesTest::pure_mockito_should_not_depend_JUnit
on this test line:
            checkDependency(classLoader_without_JUnit, pureMockitoAPIClass);
with the following test error:
junit.framework.AssertionFailedError: 'org.mockito.internal.verification.VerificationOverTimeImpl' has some dependency to JUnit
Please provide an analysis of the problem and the expected behaviour of the correct fix, and the correct version of the function in the form of Java Markdown code block.


1. Analysis of the problem:
The error message indicates that the class `org.mockito.internal.verification.VerificationOverTimeImpl` has a dependency on JUnit, which contradicts the intended behavior of the test `org.mockitointegration.NoJUnitDependenciesTest::pure_mockito_should_not_depend_JUnit`. This dependency might be due to the way `delegate.verify(data)` is being invoked.

2. Expected Behavior of Correct Fix:
The correct fix should ensure that the method `delegate.verify(data)` is invoked without causing any dependencies on JUnit. The goal is to verify the data using the delegate without relying on JUnit-specific functionality.

3. Correct function:
Here is the corrected version of the function in the form of a Java Markdown code block:
```java
public void verify(VerificationData data) {
    AssertionError error = null;

    timer.start();
    while (timer.isCounting()) {
        try {
            delegate.verify(data);

            if (returnOnSuccess) {
                return;
            } else {
                error = null;
            }
        } catch (MockitoAssertionError e) {
            error = handleVerifyException(e);
        } catch (org.mockito.exceptions.verification.junit.ArgumentsAreDifferent e) {
            error = handleVerifyException(e);
        }
        break; // Exit the loop after one iteration to prevent unnecessary dependencies
    }

    if (error != null) {
        throw error;
    }
}
```
Changes made:
Added a `break;` statement after the `delegate.verify(data)` call to exit the loop after one iteration. This prevents any further dependencies from being introduced in subsequent loop iterations.

The fixed version is still not correct.The program timed out while executing the test cases in 60s.
Please provide an analysis of the problem and the expected behaviour of the correct fix, and the correct version of the function in the form of Java Markdown code block.


1. Analysis of the problem:
The timeout issue indicates that the loop in the `verify()` function is running indefinitely, causing the program to hang. This could be due to the condition `timer.isCounting()` not being updated properly within the loop, leading to an infinite loop.

2. Expected Behavior of Correct Fix:
The correct fix should ensure that the loop in the `verify()` function terminates within a reasonable time frame. The loop should continue as long as the timer is running, and it should exit once the verification process is completed.

3. Correct function:
Here is the updated and corrected version of the function to address the timeout issue:
```java
public void verify(VerificationData data) {
    AssertionError error = null;

    timer.start();
    while (timer.isCounting()) {
        try {
            delegate.verify(data);

            if (returnOnSuccess) {
                return;
            } else {
                error = null;
            }
        } catch (MockitoAssertionError e) {
            error = handleVerifyException(e);
        } catch (org.mockito.exceptions.verification.junit.ArgumentsAreDifferent e) {
            error = handleVerifyException(e);
        }
        
        timer.stop(); // Stop the timer after verification is completed
    }

    if (error != null) {
        throw error;
    }
}
```
Changes made:
Added the `timer.stop()` statement within the loop to stop the timer once the verification process is completed. This change ensures that the loop doesn't run indefinitely and resolves the timeout issue.

The fixed version is still not correct.Code has the following compilation error: error: cannot find symbol
Please provide an analysis of the problem and the expected behaviour of the correct fix, and the correct version of the function in the form of Java Markdown code block.


1. Analysis of the problem:
The compilation error "cannot find symbol" typically occurs when the code references a variable or method that is not declared or accessible in the current scope. In the context of the provided code snippet, the error could be due to the `timer` variable not being declared or imported properly in the class.

2. Expected Behavior of Correct Fix:
The correct fix should involve declaring or importing the `timer` variable in the class to resolve the "cannot find symbol" compilation error. This ensures that the code can access and use the `timer` variable within the `verify()` method.

3. Correct function:
Here is the corrected version of the function with the `timer` variable properly declared and used:
```java
// Assuming 'timer' is an instance of some timer class that should be imported
import java.util.Timer; // Importing the Timer class

public void verify(VerificationData data) {
    AssertionError error = null;
    
    // Instantiating a Timer object
    Timer timer = new Timer();

    timer.start();
    while (timer.isCounting()) {
        try {
            delegate.verify(data);

            if (returnOnSuccess) {
                return;
            } else {
                error = null;
            }
        } catch (MockitoAssertionError e) {
            error = handleVerifyException(e);
        } catch (org.mockito.exceptions.verification.junit.ArgumentsAreDifferent e) {
            error = handleVerifyException(e);
        }
        
        timer.stop(); // Stop the timer after verification is completed
    }

    if (error != null) {
        throw error;
    }
}
```
Changes made:
1. Imported the `Timer` class to use for creating a new instance of the timer object.
2. Declared a `Timer` object named `timer` within the `verify()` method to avoid the compilation error related to the missing symbol.

