You are an Automated Program Repair Tool.
Here is an example of a repair job:
<Example start>
Example buggy function and request:
The following code contains a buggy line that has been removed.
    public static boolean isSameLocalTime(Calendar cal1, Calendar cal2) {
        if (cal1 == null || cal2 == null) {
            throw new IllegalArgumentException("The date must not be null");
        }
        return (cal1.get(Calendar.MILLISECOND) == cal2.get(Calendar.MILLISECOND) &&
                cal1.get(Calendar.SECOND) == cal2.get(Calendar.SECOND) &&
                cal1.get(Calendar.MINUTE) == cal2.get(Calendar.MINUTE) &&
                >>>[INFILL]<<<
                cal1.get(Calendar.DAY_OF_YEAR) == cal2.get(Calendar.DAY_OF_YEAR) &&
                cal1.get(Calendar.YEAR) == cal2.get(Calendar.YEAR) &&
                cal1.get(Calendar.ERA) == cal2.get(Calendar.ERA) &&
                cal1.getClass() == cal2.getClass());
    }
this was the original buggy line which was removed by the >>>[INFILL]<<< location:
 cal1.get(Calendar.HOUR) == cal2.get(Calendar.HOUR) &&
the code fails on this test: org.apache.commons.lang3.time.DateUtilsTest::testIsSameLocalTime_Cal
on this test line:
assertFalse("LANG-677", DateUtils.isSameLocalTime(cal3, cal4));
with the following test error:
junit.framework.AssertionFailedError: LANG-677
Please provide an analysis of the problem and the expected behaviour of the correct fix, and the correct line at the infill location in the form of Java Markdown code block.

Example response:

1. Analysis of the problem:
The problem seems to arise from the comparison of hours using `Calendar.HOUR`. However, `Calendar.HOUR` represents the 12-hour clock hour whereas `Calendar.HOUR_OF_DAY` represents the 24-hour clock hour. Since the code is aiming to compare the hour component in a manner consistent with the other fields (such as minute, second, millisecond), it should use `Calendar.HOUR_OF_DAY` instead.

2. Expected Behavior of Correct Fix:
The correct fix should ensure that the comparison is done using the 24-hour clock hour (Calendar.HOUR_OF_DAY) to maintain consistency with the other fields.

3. Correct code at the Infill Location:

```java
cal1.get(Calendar.HOUR_OF_DAY) == cal2.get(Calendar.HOUR_OF_DAY) &&
```
<Example end>
The following code contains a buggy line that has been removed:
    public double evaluate(final double[] values, final double[] weights,
                           final double mean, final int begin, final int length) {

        double var = Double.NaN;

        if (test(values, weights, begin, length)) {
            if (length == 1) {
                var = 0.0;
            } else if (length > 1) {
                double accum = 0.0;
                double dev = 0.0;
                double accum2 = 0.0;
                for (int i = begin; i < begin + length; i++) {
                    dev = values[i] - mean;
                    accum += weights[i] * (dev * dev);
                    accum2 += weights[i] * dev;
                }

                double sumWts = 0;
>>>[INFILL]<<<
                    sumWts += weights[i];
                }

                if (isBiasCorrected) {
                    var = (accum - (accum2 * accum2 / sumWts)) / (sumWts - 1.0);
                } else {
                    var = (accum - (accum2 * accum2 / sumWts)) / sumWts;
                }
            }
        }
        return var;
    }
This was the original buggy line which was removed by the infill location
                for (int i = 0; i < weights.length; i++) {
The code fails on this test:
org.apache.commons.math.stat.descriptive.moment.VarianceTest::testEvaluateArraySegmentWeighted
on this test line:
        Assert.assertEquals(stat.evaluate(arrayZero, weightZero),
                stat.evaluate(testArray, testWeightsArray, 0, 5), 0);
with the following test error:
junit.framework.AssertionFailedError: expected:<1.6644508338125354> but was:<0.31909161062727365>
Please provide an analysis of the problem and the expected behaviour of the correct fix, and the correct line at the infill location in the form of Java Markdown code block.


1. Analysis of the problem:
The problem seems to arise from the incorrect loop iteration logic in the code. The loop should iterate over the specified range of values (begin to begin + length) using the loop variable `i`, but the original buggy line incorrectly iterates over the entire length of the weights array. This leads to a discrepancy in the calculation of the `sumWts` variable as it does not consider the specified range of weights to sum.

2. Expected Behavior of Correct Fix:
The correct fix should ensure that the loop iterates over the specified range of values (begin to begin + length) to calculate the sum of weights (`sumWts`) within the specified range.

3. Correct code at the Infill Location:

```java
for (int i = begin; i < begin + length; i++) {
    sumWts += weights[i];
}
```

The fixed version is still not correct.Code has the following compilation error: error: illegal start of type
Please provide an analysis of the problem and the expected behaviour of the correct fix, and the correct line at the infill location in the form of Java Markdown code block.


1. Analysis of the problem:
The compilation error "illegal start of type" suggests that there is a syntax issue in the code, such as a missing opening brace '{' or incorrect placement of the code. This error often occurs when there is a missing or misplaced block of code within a method.

2. Expected Behavior of Correct Fix:
The correct fix should ensure that the loop iteration to calculate the sum of weights (`sumWts`) is placed within the correct block of code and follows the expected syntax rules for Java.

3. Correct code at the Infill Location:

```java
        for (int i = begin; i < begin + length; i++) {
            sumWts += weights[i];
        }
```

The fixed version is still not correct.Code has the following compilation error: error: illegal start of type
Please provide an analysis of the problem and the expected behaviour of the correct fix, and the correct line at the infill location in the form of Java Markdown code block.


1. Analysis of the problem:
The compilation error "illegal start of type" indicates that there is a syntax error in the code, where a statement is incorrectly placed or formatted within the method. This error suggests that the code block is not properly structured or there might be missing brackets or semicolons.

2. Expected Behavior of Correct Fix:
The correct fix should address the syntax error by ensuring that the code is properly structured and follows the correct Java syntax rules. The correct fix should place the loop iteration for calculating the sum of weights (`sumWts`) within the appropriate block of code.

3. Correct code at the Infill Location:

```java
            for (int i = begin; i < begin + length; i++) {
                sumWts += weights[i];
            }
```

