You are an Automated Program Repair Tool.
Here is an example of a repair job:
<Example start>
Example buggy function and request:
The following code contains a buggy line that has been removed.
    public static boolean isSameLocalTime(Calendar cal1, Calendar cal2) {
        if (cal1 == null || cal2 == null) {
            throw new IllegalArgumentException("The date must not be null");
        }
        return (cal1.get(Calendar.MILLISECOND) == cal2.get(Calendar.MILLISECOND) &&
                cal1.get(Calendar.SECOND) == cal2.get(Calendar.SECOND) &&
                cal1.get(Calendar.MINUTE) == cal2.get(Calendar.MINUTE) &&
                >>>[INFILL]<<<
                cal1.get(Calendar.DAY_OF_YEAR) == cal2.get(Calendar.DAY_OF_YEAR) &&
                cal1.get(Calendar.YEAR) == cal2.get(Calendar.YEAR) &&
                cal1.get(Calendar.ERA) == cal2.get(Calendar.ERA) &&
                cal1.getClass() == cal2.getClass());
    }
this was the original buggy line which was removed by the >>>[INFILL]<<< location:
 cal1.get(Calendar.HOUR) == cal2.get(Calendar.HOUR) &&
the code fails on this test: org.apache.commons.lang3.time.DateUtilsTest::testIsSameLocalTime_Cal
on this test line:
assertFalse("LANG-677", DateUtils.isSameLocalTime(cal3, cal4));
with the following test error:
junit.framework.AssertionFailedError: LANG-677
Please provide an analysis of the problem and the expected behaviour of the correct fix, and the correct line at the infill location in the form of Java Markdown code block.

Example response:

1. Analysis of the problem:
The problem seems to arise from the comparison of hours using `Calendar.HOUR`. However, `Calendar.HOUR` represents the 12-hour clock hour whereas `Calendar.HOUR_OF_DAY` represents the 24-hour clock hour. Since the code is aiming to compare the hour component in a manner consistent with the other fields (such as minute, second, millisecond), it should use `Calendar.HOUR_OF_DAY` instead.

2. Expected Behavior of Correct Fix:
The correct fix should ensure that the comparison is done using the 24-hour clock hour (Calendar.HOUR_OF_DAY) to maintain consistency with the other fields.

3. Correct code at the Infill Location:

```java
cal1.get(Calendar.HOUR_OF_DAY) == cal2.get(Calendar.HOUR_OF_DAY) &&
```
<Example end>
The following code contains a buggy line that has been removed:
    public boolean equals(Object obj) {

        if (obj == this) {
            return true;
        }
        if (!(obj instanceof ShapeList)) {
            return false;
        }
>>>[INFILL]<<<

    }
This was the original buggy line which was removed by the infill location
        return super.equals(obj);
The code fails on this test:
org.jfree.chart.util.junit.ShapeListTests::testSerialization
on this test line:
        assertEquals(l1, l2);
with the following test error:
junit.framework.AssertionFailedError: expected:<org.jfree.chart.util.ShapeList@b1170841> but was:<org.jfree.chart.util.ShapeList@b2521294>
Please provide an analysis of the problem and the expected behaviour of the correct fix, and the correct line at the infill location in the form of Java Markdown code block.


1. Analysis of the problem:
The issue seems to be related to the `equals` method implementation in the `ShapeList` class. The original buggy line `return super.equals(obj);` is likely causing unexpected behavior because it is calling the `equals` method of the superclass instead of implementing the comparison logic specific to the `ShapeList` class. This can lead to incorrect results when comparing instances of `ShapeList`.

2. Expected Behavior of Correct Fix:
The correct fix should involve implementing the comparison logic for `ShapeList` instances within the `equals` method of the class, rather than relying on the superclass implementation.

3. Correct code at the Infill Location:

```java
ShapeList other = (ShapeList) obj;
return this.shapeList.equals(other.shapeList);
```

The fixed version is still not correct.Code has the following compilation error: error: cannot find symbol
Please provide an analysis of the problem and the expected behaviour of the correct fix, and the correct line at the infill location in the form of Java Markdown code block.


1. Analysis of the problem:
The error `cannot find symbol` indicates that the compiler is unable to recognize the symbol being used in the code. In this case, it may be due to the usage of `shapeList` without a proper declaration or definition within the `ShapeList` class. 

2. Expected Behavior of Correct Fix:
To address the compilation error, the code should properly reference the instance variable or method that stores the shape list data within the `ShapeList` class.

3. Correct code at the Infill Location:

```java
ShapeList other = (ShapeList) obj;
return Arrays.equals(this.shapes, other.shapes);
```

The fixed version is still not correct.Code has the following compilation error: error: cannot find symbol
Please provide an analysis of the problem and the expected behaviour of the correct fix, and the correct line at the infill location in the form of Java Markdown code block.


1. Analysis of the problem:
The error `cannot find symbol` typically occurs when the compiler is unable to find a declared variable or method within the specified scope. In this case, the error could be due to the reference to an undefined symbol `shapeList` or `shapes` within the `ShapeList` class.

2. Expected Behavior of Correct Fix:
To resolve the compilation error, the code should correctly reference a valid member variable or method that stores the shape list data in the `ShapeList` class.

3. Correct code at the Infill Location:

```java
ShapeList other = (ShapeList) obj;
return this.shapeList.equals(other.shapeList);
```

